0 info it worked if it ends with ok
1 verbose cli [ 'C:\\Program Files\\nodejs\\node.exe',
1 verbose cli   'C:\\Program Files\\nodejs\\node_modules\\npm\\bin\\npm-cli.js',
1 verbose cli   'start' ]
2 info using npm@3.10.10
3 info using node@v6.11.2
4 verbose run-script [ 'prestart', 'start', 'poststart' ]
5 info lifecycle englishadvancedbot@1.0.0~prestart: englishadvancedbot@1.0.0
6 silly lifecycle englishadvancedbot@1.0.0~prestart: no script for prestart, continuing
7 info lifecycle englishadvancedbot@1.0.0~start: englishadvancedbot@1.0.0
8 verbose lifecycle englishadvancedbot@1.0.0~start: unsafe-perm in lifecycle true
9 verbose lifecycle englishadvancedbot@1.0.0~start: PATH: C:\Users\jamie\AppData\Roaming\nvm\v6.11.2\node_modules\npm\bin\node-gyp-bin;C:\Users\jamie\Desktop\school stuff\englishgenerator\nodeversion\node_modules\.bin;C:\Python27\;C:\Python27\Scripts;C:\Program Files (x86)\Common Files\Intel\Shared Libraries\redist\intel64\compiler;c:\program files\imagemagick-6.9.2-q16;c:\programdata\oracle\java\javapath;c:\windows\system32;c:\windows;c:\windows\system32\wbem;c:\windows\system32\windowspowershell\v1.0\;c:\program files (x86)\brackets\command;c:\program files\common files\autodesk shared\;c:\program files\process lasso;c:\program files (x86)\livestreamer;c:\program files (x86)\quicktime\qtsystem\;d:\androidsdk/platform-tools;C:\Program Files (x86)\Autodesk\Backburner\;C:\WINDOWS\system32;C:\WINDOWS;C:\WINDOWS\System32\Wbem;C:\WINDOWS\System32\WindowsPowerShell\v1.0\;C:\Program Files (x86)\Skype\Phone\;C:\Program Files (x86)\GtkSharp\2.12\bin;D:\WINDOWS SDK\Windows Performance Toolkit\;C:\Program Files (x86)\Windows Kits\8.1\Windows Performance Toolkit\;C:\TDM-GCC-64\bin;C:\ProgramData\chocolatey\bin;C:\Program Files\MiKTeX 2.9\miktex\bin\x64\;C:\Users\jamie\AppData\Roaming\nvm;C:\Program Files\nodejs;C:\Program Files (x86)\GTK2-Runtime\bin;C:\Program Files\PuTTY\;C:\Program Files\Git\cmd;C:\Program Files\CMake\bin;C:\Program Files (x86)\NVIDIA Corporation\PhysX\Common;%SystemRoot%\system32;%SystemRoot%;%SystemRoot%\System32\Wbem;%SYSTEMROOT%\System32\WindowsPowerShell\v1.0\;D:\NVPACK\gradle-2.9\bin;D:\NVPACK\apache-ant-1.8.2\bin;D:\NVPACK\jdk1.8.0_77\bin;D:\NVPACK\android-ndk-r12b;D:\NVPACK\android-sdk-windows\extras\android\support;D:\NVPACK\android-sdk-windows\build-tools;D:\NVPACK\android-sdk-windows\platform-tools;D:\NVPACK\android-sdk-windows\tools;C:\Users\jamie\.cargo\bin;C:\Ruby24-x64\bin;C:\Users\jamie\AppData\Local\Microsoft\WindowsApps;C:\Users\jamie\AppData\Roaming\npm;C:\Program Files\LLVM\bin;C:\Users\jamie\AppData\Local\atom\bin;C:\Program Files\Heroku\bin;%NVM_HOME%;%NVM_SYMLINK%;C:\libjpeg-turbo64\bin;%USERPROFILE%\AppData\Local\Microsoft\WindowsApps;C:\cygnus\cygwin-b20\H-i586-cygwin32\bin;;C:\Program Files\Microsoft VS Code\bin;C:\Exercism
10 verbose lifecycle englishadvancedbot@1.0.0~start: CWD: C:\Users\jamie\Desktop\school stuff\englishgenerator\nodeversion
11 silly lifecycle englishadvancedbot@1.0.0~start: Args: [ '/d /s /c', 'node bot.js' ]
12 verbose stack Error: kill ENOSYS
12 verbose stack     at exports._errnoException (util.js:1020:11)
12 verbose stack     at process.kill (internal/process.js:190:13)
12 verbose stack     at process.listener (C:\Users\jamie\AppData\Roaming\nvm\v6.11.2\node_modules\npm\node_modules\npmlog\node_modules\gauge\node_modules\signal-exit\index.js:86:15)
12 verbose stack     at emitNone (events.js:91:20)
12 verbose stack     at process.emit (events.js:185:7)
12 verbose stack     at processEmit (C:\Users\jamie\AppData\Roaming\nvm\v6.11.2\node_modules\npm\node_modules\npmlog\node_modules\gauge\node_modules\signal-exit\index.js:146:32)
12 verbose stack     at processEmit (C:\Users\jamie\AppData\Roaming\nvm\v6.11.2\node_modules\npm\node_modules\npm-registry-client\node_modules\npmlog\node_modules\gauge\node_modules\signal-exit\index.js:146:32)
12 verbose stack     at Signal.wrap.onsignal (internal/process.js:217:44)
13 verbose cwd C:\Users\jamie\Desktop\school stuff\englishgenerator\nodeversion
14 error Windows_NT 10.0.16299
15 error argv "C:\\Program Files\\nodejs\\node.exe" "C:\\Program Files\\nodejs\\node_modules\\npm\\bin\\npm-cli.js" "start"
16 error node v6.11.2
17 error npm  v3.10.10
18 error code ENOSYS
19 error errno ENOSYS
20 error syscall kill
21 error kill ENOSYS
22 error If you need help, you may report this error at:
22 error     <https://github.com/npm/npm/issues>
23 verbose exit [ 1, true ]
